<?xml version="1.0" encoding="UTF-8"?>
<!-- Generated by org.testng.reporters.JUnitReportReporter -->
<testsuite hostname="Nianzis-MBP.lan" failures="0" tests="5" name="test.formTest" time="2.034" errors="0" timestamp="2021-11-21T00:49:59 CST" skipped="0">
  <testcase classname="test.formTest" name="titleTest" time="0.014"/>
  <system-out/>
  <testcase classname="test.formTest" name="inputTest" time="1.357"/>
  <system-out/>
  <testcase classname="test.formTest" name="submitTest" time="0.396"/>
  <system-out/>
  <testcase classname="test.formTest" name="resultTest" time="0.219"/>
  <system-out/>
  <testcase classname="test.formTest" name="mapTest" time="0.048"/>
  <system-out/>
</testsuite> <!-- test.formTest -->
